INFO  2015-05-26 08:09:49,372 (Saros.java:256) Starting Saros 13.12.6 running:
  Java Version: 1.7.0_40
  Java Vendor: Oracle Corporation
  Eclipse Runtime Version: 3.9.0.v20130326-1255
  Operating System: Windows 8 (6.2)
  Hardware Architecture: amd64
INFO  2015-05-26 08:09:49,512 (XMPPAccountStore.java:103) loaded 3 accounts
INFO  2015-05-26 08:09:49,606 (PreferenceInitializer.java:53) initializing preference default values
DEBUG 2015-05-26 08:09:49,684 (DataTransferManager.java:444) used transport order for the current XMPP connection: [de.fu_berlin.inf.dpp.net.internal.Socks5Transport@2b37d296, de.fu_berlin.inf.dpp.net.internal.IBBTransport@5de28c04]
DEBUG 2015-05-26 08:09:49,825 (StreamServiceManager.java:225) StreamServices added:
  SendFile
  AudioService
  VideoSharing
DEBUG 2015-05-26 08:09:50,090 (SarosAnnotation.java:112) resetting annotation colors
WARN  2015-05-26 08:09:51,606 (NullSarosSession.java:64) unexpected method call
WARN  2015-05-26 08:09:51,669 (NullSarosSession.java:64) unexpected method call
DEBUG 2015-05-26 08:10:10,265 (SharedDocumentProvider.java:79) SharedDocumentProvider created by Eclipse
WARN  2015-05-26 08:10:28,967 (NullSarosSession.java:64) unexpected method call
WARN  2015-05-26 08:10:28,983 (NullSarosSession.java:64) unexpected method call
DEBUG 2015-05-26 08:10:37,640 (WhiteboardManager.java:108) WhiteboardManager instantiated
DEBUG 2015-05-26 08:10:37,984 (DocumentRecord.java:93) Added Node: attr(143262063798459412) name=svg
DEBUG 2015-05-26 08:10:40,283 (SarosNet.java:423) started Socks5 proxy on port: 7777 [listening on all interfaces]
DEBUG 2015-05-26 08:10:40,502 (SarosNet.java:433) found interface addresses: [192.168.56.1, 128.179.154.226, fe80:0:0:0:ddd1:fc27:b358:fb10%4, fe80:0:0:0:1f1:8fa8:17e0:8274%13]
DEBUG 2015-05-26 08:10:40,768 (SarosNet.java:383)  new connection state == CONNECTING
DEBUG 2015-05-26 08:10:43,765 (SarosNet.java:383) raphael.latty@saros-con.imp.fu-berlin.de/Saros new connection state == CONNECTED
DEBUG 2015-05-26 08:10:43,765 (DataTransferManager.java:444) used transport order for the current XMPP connection: [de.fu_berlin.inf.dpp.net.internal.Socks5Transport@2b37d296, de.fu_berlin.inf.dpp.net.internal.IBBTransport@5de28c04]
DEBUG 2015-05-26 08:10:43,781 (SkypeManager.java:286) Refreshing Skype username cache...
WARN  2015-05-26 08:10:50,956 (StunServiceImpl.java:420) received no response from STUN server stunserver.org/69.172.201.208:3478 at local address /128.179.154.226:0
WARN  2015-05-26 08:10:50,956 (StunServiceImpl.java:420) received no response from STUN server stunserver.org/69.172.201.208:3478 at local address /192.168.56.1:0
ERROR 2015-05-26 08:18:16,367 (SarosNet.java:95) XMPP connection error: 
java.net.SocketException: Software caused connection abort: recv failed
	at java.net.SocketInputStream.socketRead0(Native Method)
	at java.net.SocketInputStream.read(Unknown Source)
	at java.net.SocketInputStream.read(Unknown Source)
	at sun.security.ssl.InputRecord.readFully(Unknown Source)
	at sun.security.ssl.InputRecord.read(Unknown Source)
	at sun.security.ssl.SSLSocketImpl.readRecord(Unknown Source)
	at sun.security.ssl.SSLSocketImpl.readDataRecord(Unknown Source)
	at sun.security.ssl.AppInputStream.read(Unknown Source)
	at sun.nio.cs.StreamDecoder.readBytes(Unknown Source)
	at sun.nio.cs.StreamDecoder.implRead(Unknown Source)
	at sun.nio.cs.StreamDecoder.read(Unknown Source)
	at java.io.InputStreamReader.read(Unknown Source)
	at java.io.BufferedReader.fill(Unknown Source)
	at java.io.BufferedReader.read1(Unknown Source)
	at java.io.BufferedReader.read(Unknown Source)
	at org.xmlpull.mxp1.MXParser.fillBuf(MXParser.java:2992)
	at org.xmlpull.mxp1.MXParser.more(MXParser.java:3046)
	at org.xmlpull.mxp1.MXParser.nextImpl(MXParser.java:1144)
	at org.xmlpull.mxp1.MXParser.next(MXParser.java:1093)
	at org.jivesoftware.smack.PacketReader.parsePackets(PacketReader.java:316)
	at org.jivesoftware.smack.PacketReader.access$000(PacketReader.java:46)
	at org.jivesoftware.smack.PacketReader$1.run(PacketReader.java:72)
ERROR 2015-05-26 09:54:29,053 (SarosNet.java:385)  new connection state == ERROR
java.net.SocketException: Software caused connection abort: recv failed
	at java.net.SocketInputStream.socketRead0(Native Method)
	at java.net.SocketInputStream.read(Unknown Source)
	at java.net.SocketInputStream.read(Unknown Source)
	at sun.security.ssl.InputRecord.readFully(Unknown Source)
	at sun.security.ssl.InputRecord.read(Unknown Source)
	at sun.security.ssl.SSLSocketImpl.readRecord(Unknown Source)
	at sun.security.ssl.SSLSocketImpl.readDataRecord(Unknown Source)
	at sun.security.ssl.AppInputStream.read(Unknown Source)
	at sun.nio.cs.StreamDecoder.readBytes(Unknown Source)
	at sun.nio.cs.StreamDecoder.implRead(Unknown Source)
	at sun.nio.cs.StreamDecoder.read(Unknown Source)
	at java.io.InputStreamReader.read(Unknown Source)
	at java.io.BufferedReader.fill(Unknown Source)
	at java.io.BufferedReader.read1(Unknown Source)
	at java.io.BufferedReader.read(Unknown Source)
	at org.xmlpull.mxp1.MXParser.fillBuf(MXParser.java:2992)
	at org.xmlpull.mxp1.MXParser.more(MXParser.java:3046)
	at org.xmlpull.mxp1.MXParser.nextImpl(MXParser.java:1144)
	at org.xmlpull.mxp1.MXParser.next(MXParser.java:1093)
	at org.jivesoftware.smack.PacketReader.parsePackets(PacketReader.java:316)
	at org.jivesoftware.smack.PacketReader.access$000(PacketReader.java:46)
	at org.jivesoftware.smack.PacketReader$1.run(PacketReader.java:72)
DEBUG 2015-05-26 09:54:30,431 (SarosNet.java:383)  new connection state == NOT_CONNECTED
WARN  2015-05-26 10:39:48,921 (NullSarosSession.java:64) unexpected method call
WARN  2015-05-26 10:39:48,921 (NullSarosSession.java:64) unexpected method call
DEBUG 2015-05-26 10:39:49,352 (UPnPServiceImpl.java:295) deleting existing port mappings
