WARN  2015-05-12 08:07:56,088 (NullSarosSession.java:64) unexpected method call
WARN  2015-05-12 08:07:56,494 (NullSarosSession.java:64) unexpected method call
WARN  2015-05-12 08:08:25,373 (NullSarosSession.java:64) unexpected method call
WARN  2015-05-12 08:08:25,404 (NullSarosSession.java:64) unexpected method call
WARN  2015-05-12 08:08:52,840 (StunServiceImpl.java:420) received no response from STUN server stunserver.org/69.172.201.208:3478 at local address /128.179.158.167:0
WARN  2015-05-12 08:08:52,840 (StunServiceImpl.java:420) received no response from STUN server stunserver.org/69.172.201.208:3478 at local address /192.168.56.1:0
ERROR 2015-05-12 08:29:51,784 (SarosNet.java:95) XMPP connection error: 
java.net.SocketException: Software caused connection abort: recv failed
	at java.net.SocketInputStream.socketRead0(Native Method)
	at java.net.SocketInputStream.read(Unknown Source)
	at java.net.SocketInputStream.read(Unknown Source)
	at sun.security.ssl.InputRecord.readFully(Unknown Source)
	at sun.security.ssl.InputRecord.read(Unknown Source)
	at sun.security.ssl.SSLSocketImpl.readRecord(Unknown Source)
	at sun.security.ssl.SSLSocketImpl.readDataRecord(Unknown Source)
	at sun.security.ssl.AppInputStream.read(Unknown Source)
	at sun.nio.cs.StreamDecoder.readBytes(Unknown Source)
	at sun.nio.cs.StreamDecoder.implRead(Unknown Source)
	at sun.nio.cs.StreamDecoder.read(Unknown Source)
	at java.io.InputStreamReader.read(Unknown Source)
	at java.io.BufferedReader.fill(Unknown Source)
	at java.io.BufferedReader.read1(Unknown Source)
	at java.io.BufferedReader.read(Unknown Source)
	at org.xmlpull.mxp1.MXParser.fillBuf(MXParser.java:2992)
	at org.xmlpull.mxp1.MXParser.more(MXParser.java:3046)
	at org.xmlpull.mxp1.MXParser.nextImpl(MXParser.java:1144)
	at org.xmlpull.mxp1.MXParser.next(MXParser.java:1093)
	at org.jivesoftware.smack.PacketReader.parsePackets(PacketReader.java:316)
	at org.jivesoftware.smack.PacketReader.access$000(PacketReader.java:46)
	at org.jivesoftware.smack.PacketReader$1.run(PacketReader.java:72)
ERROR 2015-05-12 09:13:30,209 (SarosNet.java:385)  new connection state == ERROR
java.net.SocketException: Software caused connection abort: recv failed
	at java.net.SocketInputStream.socketRead0(Native Method)
	at java.net.SocketInputStream.read(Unknown Source)
	at java.net.SocketInputStream.read(Unknown Source)
	at sun.security.ssl.InputRecord.readFully(Unknown Source)
	at sun.security.ssl.InputRecord.read(Unknown Source)
	at sun.security.ssl.SSLSocketImpl.readRecord(Unknown Source)
	at sun.security.ssl.SSLSocketImpl.readDataRecord(Unknown Source)
	at sun.security.ssl.AppInputStream.read(Unknown Source)
	at sun.nio.cs.StreamDecoder.readBytes(Unknown Source)
	at sun.nio.cs.StreamDecoder.implRead(Unknown Source)
	at sun.nio.cs.StreamDecoder.read(Unknown Source)
	at java.io.InputStreamReader.read(Unknown Source)
	at java.io.BufferedReader.fill(Unknown Source)
	at java.io.BufferedReader.read1(Unknown Source)
	at java.io.BufferedReader.read(Unknown Source)
	at org.xmlpull.mxp1.MXParser.fillBuf(MXParser.java:2992)
	at org.xmlpull.mxp1.MXParser.more(MXParser.java:3046)
	at org.xmlpull.mxp1.MXParser.nextImpl(MXParser.java:1144)
	at org.xmlpull.mxp1.MXParser.next(MXParser.java:1093)
	at org.jivesoftware.smack.PacketReader.parsePackets(PacketReader.java:316)
	at org.jivesoftware.smack.PacketReader.access$000(PacketReader.java:46)
	at org.jivesoftware.smack.PacketReader$1.run(PacketReader.java:72)
WARN  2015-05-12 09:24:15,979 (StunServiceImpl.java:420) received no response from STUN server stunserver.org/69.172.201.208:3478 at local address /192.168.56.1:0
WARN  2015-05-12 09:24:15,979 (StunServiceImpl.java:420) received no response from STUN server stunserver.org/69.172.201.208:3478 at local address /128.179.158.167:0
ERROR 2015-05-12 09:24:56,219 (Socks5Transport.java:352) [SOCKS5] Wrapping bidirectional stream timed out in Request! Shouldn't have happened.
ERROR 2015-05-12 09:25:00,810 (Socks5Transport.java:352) [SOCKS5] Wrapping bidirectional stream timed out in Request! Shouldn't have happened.
WARN  2015-05-12 09:27:31,237 (SharedResourcesManager.java:413) Resource changed while paused:
C(0) /
C(0) /CS211BeerPong
C(0) /CS211BeerPong/src
C(0) /CS211BeerPong/src/cs211
C(MC) /CS211BeerPong/src/cs211/ImageProcessing.java

ERROR 2015-05-12 09:27:44,464 (Socks5Transport.java:352) [SOCKS5] Wrapping bidirectional stream timed out in Request! Shouldn't have happened.
ERROR 2015-05-12 09:27:48,730 (Socks5Transport.java:352) [SOCKS5] Wrapping bidirectional stream timed out in Request! Shouldn't have happened.
WARN  2015-05-12 10:40:32,380 (NullSarosSession.java:64) unexpected method call
WARN  2015-05-12 10:40:32,427 (NullSarosSession.java:64) unexpected method call
WARN  2015-05-12 10:43:07,479 (NullSarosSession.java:64) unexpected method call
WARN  2015-05-12 10:43:07,510 (NullSarosSession.java:64) unexpected method call
WARN  2015-05-12 10:43:07,526 (NullSarosSession.java:64) unexpected method call
WARN  2015-05-12 10:43:07,542 (NullSarosSession.java:64) unexpected method call
WARN  2015-05-12 10:43:13,931 (NullSarosSession.java:64) unexpected method call
WARN  2015-05-12 10:43:13,977 (NullSarosSession.java:64) unexpected method call
WARN  2015-05-12 10:43:19,510 (NullSarosSession.java:64) unexpected method call
WARN  2015-05-12 10:43:19,525 (NullSarosSession.java:64) unexpected method call
WARN  2015-05-12 10:44:00,731 (NullSarosSession.java:64) unexpected method call
WARN  2015-05-12 10:44:00,747 (NullSarosSession.java:64) unexpected method call
WARN  2015-05-12 10:44:10,280 (NullSarosSession.java:64) unexpected method call
WARN  2015-05-12 10:44:10,295 (NullSarosSession.java:64) unexpected method call
WARN  2015-05-12 10:44:14,280 (NullSarosSession.java:64) unexpected method call
WARN  2015-05-12 10:44:14,296 (NullSarosSession.java:64) unexpected method call
WARN  2015-05-12 10:44:23,697 (NullSarosSession.java:64) unexpected method call
WARN  2015-05-12 10:44:23,712 (NullSarosSession.java:64) unexpected method call
WARN  2015-05-12 10:44:26,291 (NullSarosSession.java:64) unexpected method call
WARN  2015-05-12 10:44:26,307 (NullSarosSession.java:64) unexpected method call
WARN  2015-05-12 10:44:50,751 (NullSarosSession.java:64) unexpected method call
WARN  2015-05-12 10:44:50,767 (NullSarosSession.java:64) unexpected method call
WARN  2015-05-12 10:44:52,500 (NullSarosSession.java:64) unexpected method call
WARN  2015-05-12 10:44:52,516 (NullSarosSession.java:64) unexpected method call
WARN  2015-05-12 10:45:58,692 (NullSarosSession.java:64) unexpected method call
WARN  2015-05-12 10:45:58,723 (NullSarosSession.java:64) unexpected method call
WARN  2015-05-12 10:46:00,418 (NullSarosSession.java:64) unexpected method call
WARN  2015-05-12 10:46:00,434 (NullSarosSession.java:64) unexpected method call
WARN  2015-05-12 10:46:02,376 (NullSarosSession.java:64) unexpected method call
WARN  2015-05-12 10:46:02,392 (NullSarosSession.java:64) unexpected method call
WARN  2015-05-12 10:46:05,549 (NullSarosSession.java:64) unexpected method call
WARN  2015-05-12 10:46:05,564 (NullSarosSession.java:64) unexpected method call
WARN  2015-05-12 10:46:07,315 (NullSarosSession.java:64) unexpected method call
WARN  2015-05-12 10:46:07,330 (NullSarosSession.java:64) unexpected method call
WARN  2015-05-12 10:46:10,315 (NullSarosSession.java:64) unexpected method call
WARN  2015-05-12 10:46:10,315 (NullSarosSession.java:64) unexpected method call
WARN  2015-05-12 10:46:10,393 (NullSarosSession.java:64) unexpected method call
WARN  2015-05-12 10:46:10,409 (NullSarosSession.java:64) unexpected method call
WARN  2015-05-12 10:46:11,550 (NullSarosSession.java:64) unexpected method call
WARN  2015-05-12 10:46:11,565 (NullSarosSession.java:64) unexpected method call
WARN  2015-05-12 10:55:50,652 (NullSarosSession.java:64) unexpected method call
WARN  2015-05-12 10:55:50,667 (NullSarosSession.java:64) unexpected method call
WARN  2015-05-12 10:56:08,549 (NullSarosSession.java:64) unexpected method call
WARN  2015-05-12 10:56:08,564 (NullSarosSession.java:64) unexpected method call
WARN  2015-05-12 10:56:20,645 (NullSarosSession.java:64) unexpected method call
WARN  2015-05-12 10:56:20,661 (NullSarosSession.java:64) unexpected method call
WARN  2015-05-12 10:56:24,630 (NullSarosSession.java:64) unexpected method call
WARN  2015-05-12 10:56:24,661 (NullSarosSession.java:64) unexpected method call
WARN  2015-05-12 10:59:08,902 (NullSarosSession.java:64) unexpected method call
WARN  2015-05-12 10:59:08,918 (NullSarosSession.java:64) unexpected method call
WARN  2015-05-12 10:59:11,652 (NullSarosSession.java:64) unexpected method call
WARN  2015-05-12 10:59:11,684 (NullSarosSession.java:64) unexpected method call
WARN  2015-05-12 10:59:12,246 (NullSarosSession.java:64) unexpected method call
WARN  2015-05-12 10:59:12,262 (NullSarosSession.java:64) unexpected method call
WARN  2015-05-12 10:59:12,293 (NullSarosSession.java:64) unexpected method call
WARN  2015-05-12 10:59:12,309 (NullSarosSession.java:64) unexpected method call
WARN  2015-05-12 10:59:12,465 (NullSarosSession.java:64) unexpected method call
WARN  2015-05-12 10:59:12,496 (NullSarosSession.java:64) unexpected method call
WARN  2015-05-12 10:59:12,590 (NullSarosSession.java:64) unexpected method call
WARN  2015-05-12 10:59:12,590 (NullSarosSession.java:64) unexpected method call
WARN  2015-05-12 10:59:14,173 (NullSarosSession.java:64) unexpected method call
WARN  2015-05-12 10:59:14,205 (NullSarosSession.java:64) unexpected method call
WARN  2015-05-12 10:59:14,251 (NullSarosSession.java:64) unexpected method call
WARN  2015-05-12 10:59:14,267 (NullSarosSession.java:64) unexpected method call
WARN  2015-05-12 10:59:15,547 (NullSarosSession.java:64) unexpected method call
WARN  2015-05-12 10:59:15,561 (NullSarosSession.java:64) unexpected method call
WARN  2015-05-12 10:59:16,209 (NullSarosSession.java:64) unexpected method call
WARN  2015-05-12 10:59:16,224 (NullSarosSession.java:64) unexpected method call
WARN  2015-05-12 10:59:16,994 (SWTUtils.java:144) could not execute runnable de.fu_berlin.inf.dpp.ui.widgets.ConnectionStateComposite$1$1@bc3607a, UI thread is not available
StackTrace:
	at de.fu_berlin.inf.dpp.ui.util.SWTUtils.runSafeSWTAsync(SWTUtils.java:145)
	at de.fu_berlin.inf.dpp.ui.widgets.ConnectionStateComposite$1.connectionStateChanged(ConnectionStateComposite.java:55)
	at de.fu_berlin.inf.dpp.net.SarosNet.setConnectionState(SarosNet.java:390)
	at de.fu_berlin.inf.dpp.net.SarosNet.disconnect(SarosNet.java:289)
	at de.fu_berlin.inf.dpp.Saros$1.run(Saros.java:334)
	at de.fu_berlin.inf.dpp.util.Utils$2.run(Utils.java:175)
	at java.lang.Thread.run(Unknown Source)
WARN  2015-05-12 10:59:17,174 (SWTUtils.java:144) could not execute runnable de.fu_berlin.inf.dpp.ui.widgets.ConnectionStateComposite$1$1@5b5c5453, UI thread is not available
StackTrace:
	at de.fu_berlin.inf.dpp.ui.util.SWTUtils.runSafeSWTAsync(SWTUtils.java:145)
	at de.fu_berlin.inf.dpp.ui.widgets.ConnectionStateComposite$1.connectionStateChanged(ConnectionStateComposite.java:55)
	at de.fu_berlin.inf.dpp.net.SarosNet.setConnectionState(SarosNet.java:390)
	at de.fu_berlin.inf.dpp.net.SarosNet.disconnect(SarosNet.java:293)
	at de.fu_berlin.inf.dpp.Saros$1.run(Saros.java:334)
	at de.fu_berlin.inf.dpp.util.Utils$2.run(Utils.java:175)
	at java.lang.Thread.run(Unknown Source)
