WARN  2015-05-12 11:04:20,909 (NullSarosSession.java:64) unexpected method call
WARN  2015-05-12 11:04:20,925 (NullSarosSession.java:64) unexpected method call
WARN  2015-05-12 11:04:34,801 (NullSarosSession.java:64) unexpected method call
WARN  2015-05-12 11:04:34,833 (NullSarosSession.java:64) unexpected method call
WARN  2015-05-12 11:04:50,597 (StunServiceImpl.java:420) received no response from STUN server stunserver.org/69.172.201.208:3478 at local address /128.179.158.167:0
WARN  2015-05-12 11:04:50,597 (StunServiceImpl.java:420) received no response from STUN server stunserver.org/69.172.201.208:3478 at local address /192.168.56.1:0
WARN  2015-05-12 12:08:13,455 (NullSarosSession.java:64) unexpected method call
WARN  2015-05-12 12:08:13,721 (NullSarosSession.java:64) unexpected method call
WARN  2015-05-12 12:08:14,533 (SWTUtils.java:144) could not execute runnable de.fu_berlin.inf.dpp.ui.widgets.ConnectionStateComposite$1$1@4e5d4fe9, UI thread is not available
StackTrace:
	at de.fu_berlin.inf.dpp.ui.util.SWTUtils.runSafeSWTAsync(SWTUtils.java:145)
	at de.fu_berlin.inf.dpp.ui.widgets.ConnectionStateComposite$1.connectionStateChanged(ConnectionStateComposite.java:55)
	at de.fu_berlin.inf.dpp.net.SarosNet.setConnectionState(SarosNet.java:390)
	at de.fu_berlin.inf.dpp.net.SarosNet.disconnect(SarosNet.java:289)
	at de.fu_berlin.inf.dpp.Saros$1.run(Saros.java:334)
	at de.fu_berlin.inf.dpp.util.Utils$2.run(Utils.java:175)
	at java.lang.Thread.run(Unknown Source)
WARN  2015-05-12 12:08:14,752 (SWTUtils.java:144) could not execute runnable de.fu_berlin.inf.dpp.ui.widgets.ConnectionStateComposite$1$1@84c2b6c, UI thread is not available
StackTrace:
	at de.fu_berlin.inf.dpp.ui.util.SWTUtils.runSafeSWTAsync(SWTUtils.java:145)
	at de.fu_berlin.inf.dpp.ui.widgets.ConnectionStateComposite$1.connectionStateChanged(ConnectionStateComposite.java:55)
	at de.fu_berlin.inf.dpp.net.SarosNet.setConnectionState(SarosNet.java:390)
	at de.fu_berlin.inf.dpp.net.SarosNet.disconnect(SarosNet.java:293)
	at de.fu_berlin.inf.dpp.Saros$1.run(Saros.java:334)
	at de.fu_berlin.inf.dpp.util.Utils$2.run(Utils.java:175)
	at java.lang.Thread.run(Unknown Source)
