WARN  2015-05-13 14:18:26,660 (NullSarosSession.java:64) unexpected method call
WARN  2015-05-13 14:18:26,742 (NullSarosSession.java:64) unexpected method call
WARN  2015-05-13 14:18:45,855 (NullSarosSession.java:64) unexpected method call
WARN  2015-05-13 14:18:45,961 (NullSarosSession.java:64) unexpected method call
WARN  2015-05-13 14:20:29,090 (StunServiceImpl.java:420) received no response from STUN server stunserver.org/69.172.201.208:3478 at local address /192.168.56.1:0
WARN  2015-05-13 14:20:29,090 (StunServiceImpl.java:420) received no response from STUN server stunserver.org/69.172.201.208:3478 at local address /128.179.152.44:0
WARN  2015-05-13 14:23:15,013 (SharedResourcesManager.java:413) Resource changed while paused:
C(0) /
C(0) /CS211BeerPong
C(0) /CS211BeerPong/src
C(0) /CS211BeerPong/src/cs211
C(MC) /CS211BeerPong/src/cs211/ImageProcessing.java

ERROR 2015-05-13 14:23:27,150 (Socks5Transport.java:352) [SOCKS5] Wrapping bidirectional stream timed out in Request! Shouldn't have happened.
ERROR 2015-05-13 14:23:31,720 (Socks5Transport.java:352) [SOCKS5] Wrapping bidirectional stream timed out in Request! Shouldn't have happened.
WARN  2015-05-13 15:35:27,220 (EditorAPI.java:372) Could not get resource from IEditorInput org.eclipse.jdt.internal.ui.javaeditor.InternalClassFileEditorInput@28e2b9d3
WARN  2015-05-13 15:35:27,488 (EditorAPI.java:372) Could not get resource from IEditorInput org.eclipse.jdt.internal.ui.javaeditor.InternalClassFileEditorInput@28e2b9d3
WARN  2015-05-13 15:35:27,574 (EditorAPI.java:372) Could not get resource from IEditorInput org.eclipse.jdt.internal.ui.javaeditor.InternalClassFileEditorInput@28e2b9d3
WARN  2015-05-13 15:35:32,337 (EditorAPI.java:372) Could not get resource from IEditorInput org.eclipse.jdt.internal.ui.javaeditor.InternalClassFileEditorInput@28e2b9d3
WARN  2015-05-13 15:35:37,513 (EditorAPI.java:372) Could not get resource from IEditorInput org.eclipse.jdt.internal.ui.javaeditor.InternalClassFileEditorInput@28e2b9d3
WARN  2015-05-13 15:35:37,548 (EditorAPI.java:372) Could not get resource from IEditorInput org.eclipse.jdt.internal.ui.javaeditor.InternalClassFileEditorInput@28e2b9d3
WARN  2015-05-13 15:35:37,627 (EditorAPI.java:372) Could not get resource from IEditorInput org.eclipse.jdt.internal.ui.javaeditor.InternalClassFileEditorInput@28e2b9d3
WARN  2015-05-13 15:35:40,312 (EditorAPI.java:372) Could not get resource from IEditorInput org.eclipse.jdt.internal.ui.javaeditor.InternalClassFileEditorInput@28e2b9d3
WARN  2015-05-13 15:58:59,463 (TextEditActivity.java:187) NoOp Text edit: new '' old ''
ERROR 2015-05-13 16:25:32,348 (BinaryChannelConnection.java:101) SOCKS5 (direct) [louis@saros-con.imp.fu-berlin.de/Saros]  network error: Read timed out
java.net.SocketTimeoutException: Read timed out
	at java.net.SocketInputStream.socketRead0(Native Method)
	at java.net.SocketInputStream.read(Unknown Source)
	at java.net.SocketInputStream.read(Unknown Source)
	at java.io.BufferedInputStream.fill(Unknown Source)
	at java.io.BufferedInputStream.read(Unknown Source)
	at java.io.FilterInputStream.read(Unknown Source)
	at de.fu_berlin.inf.dpp.net.internal.BinaryChannelConnection.receiveIncomingTransferObject(BinaryChannelConnection.java:239)
	at de.fu_berlin.inf.dpp.net.internal.BinaryChannelConnection.access$2(BinaryChannelConnection.java:234)
	at de.fu_berlin.inf.dpp.net.internal.BinaryChannelConnection$ReceiverThread.run(BinaryChannelConnection.java:92)
ERROR 2015-05-13 17:24:33,544 (SarosSessionManager.java:710) error in notifying listener of session ending: 
java.lang.NullPointerException
	at de.fu_berlin.inf.dpp.ui.util.SWTUtils.runSafeSWTAsync(SWTUtils.java:144)
	at de.fu_berlin.inf.dpp.ui.actions.RemoveUserAction$2.sessionEnding(RemoveUserAction.java:61)
	at de.fu_berlin.inf.dpp.project.SarosSessionManager.sessionEnding(SarosSessionManager.java:708)
	at de.fu_berlin.inf.dpp.project.SarosSessionManager.stopSarosSession(SarosSessionManager.java:337)
	at de.fu_berlin.inf.dpp.Saros$1.run(Saros.java:333)
	at de.fu_berlin.inf.dpp.util.Utils$2.run(Utils.java:175)
	at java.lang.Thread.run(Unknown Source)
WARN  2015-05-13 17:24:33,792 (SWTUtils.java:193) could not execute runnable de.fu_berlin.inf.dpp.editor.EditorManager$2$1@4032f01b, UI thread is not available
StackTrace:
	at de.fu_berlin.inf.dpp.ui.util.SWTUtils.runSafeSWTSync(SWTUtils.java:194)
	at de.fu_berlin.inf.dpp.editor.EditorManager$2.unblock(EditorManager.java:205)
	at de.fu_berlin.inf.dpp.synchronize.StopManager.lockSession(StopManager.java:390)
	at de.fu_berlin.inf.dpp.synchronize.StopManager.sessionStopped(StopManager.java:517)
	at de.fu_berlin.inf.dpp.synchronize.StopManager.stop(StopManager.java:563)
	at sun.reflect.GeneratedMethodAccessor55.invoke(Unknown Source)
	at sun.reflect.DelegatingMethodAccessorImpl.invoke(Unknown Source)
	at java.lang.reflect.Method.invoke(Unknown Source)
	at org.picocontainer.lifecycle.StartableLifecycleStrategy.doLifecycleMethod(StartableLifecycleStrategy.java:101)
	at org.picocontainer.lifecycle.StartableLifecycleStrategy.stopComponent(StartableLifecycleStrategy.java:113)
	at org.picocontainer.lifecycle.StartableLifecycleStrategy.stop(StartableLifecycleStrategy.java:126)
	at org.picocontainer.injectors.AbstractInjectionFactory$LifecycleAdapter.stop(AbstractInjectionFactory.java:88)
	at org.picocontainer.behaviors.AbstractBehavior.stop(AbstractBehavior.java:179)
	at org.picocontainer.behaviors.Stored$RealComponentLifecycle.stop(Stored.java:141)
	at org.picocontainer.behaviors.Stored.stop(Stored.java:118)
	at org.picocontainer.DefaultPicoContainer.stopAdapters(DefaultPicoContainer.java:1036)
	at org.picocontainer.DefaultPicoContainer.stop(DefaultPicoContainer.java:791)
	at de.fu_berlin.inf.dpp.project.internal.SarosSession.stop(SarosSession.java:625)
	at de.fu_berlin.inf.dpp.project.SarosSessionManager.stopSarosSession(SarosSessionManager.java:342)
	at de.fu_berlin.inf.dpp.Saros$1.run(Saros.java:333)
	at de.fu_berlin.inf.dpp.util.Utils$2.run(Utils.java:175)
	at java.lang.Thread.run(Unknown Source)
WARN  2015-05-13 17:24:33,812 (SWTUtils.java:144) could not execute runnable de.fu_berlin.inf.dpp.ui.actions.StoppedAction$3@184efe7c, UI thread is not available
StackTrace:
	at de.fu_berlin.inf.dpp.ui.util.SWTUtils.runSafeSWTAsync(SWTUtils.java:145)
	at de.fu_berlin.inf.dpp.ui.actions.StoppedAction.setUnblockEnabled(StoppedAction.java:80)
	at de.fu_berlin.inf.dpp.ui.actions.StoppedAction$1$1.setValue(StoppedAction.java:52)
	at de.fu_berlin.inf.dpp.ui.actions.StoppedAction$1$1.setValue(StoppedAction.java:1)
	at de.fu_berlin.inf.dpp.util.ObservableValue.setValue(ObservableValue.java:89)
	at de.fu_berlin.inf.dpp.util.ObservableValue.setValue(ObservableValue.java:73)
	at de.fu_berlin.inf.dpp.synchronize.StopManager.lockSession(StopManager.java:392)
	at de.fu_berlin.inf.dpp.synchronize.StopManager.sessionStopped(StopManager.java:517)
	at de.fu_berlin.inf.dpp.synchronize.StopManager.stop(StopManager.java:563)
	at sun.reflect.GeneratedMethodAccessor55.invoke(Unknown Source)
	at sun.reflect.DelegatingMethodAccessorImpl.invoke(Unknown Source)
	at java.lang.reflect.Method.invoke(Unknown Source)
	at org.picocontainer.lifecycle.StartableLifecycleStrategy.doLifecycleMethod(StartableLifecycleStrategy.java:101)
	at org.picocontainer.lifecycle.StartableLifecycleStrategy.stopComponent(StartableLifecycleStrategy.java:113)
	at org.picocontainer.lifecycle.StartableLifecycleStrategy.stop(StartableLifecycleStrategy.java:126)
	at org.picocontainer.injectors.AbstractInjectionFactory$LifecycleAdapter.stop(AbstractInjectionFactory.java:88)
	at org.picocontainer.behaviors.AbstractBehavior.stop(AbstractBehavior.java:179)
	at org.picocontainer.behaviors.Stored$RealComponentLifecycle.stop(Stored.java:141)
	at org.picocontainer.behaviors.Stored.stop(Stored.java:118)
	at org.picocontainer.DefaultPicoContainer.stopAdapters(DefaultPicoContainer.java:1036)
	at org.picocontainer.DefaultPicoContainer.stop(DefaultPicoContainer.java:791)
	at de.fu_berlin.inf.dpp.project.internal.SarosSession.stop(SarosSession.java:625)
	at de.fu_berlin.inf.dpp.project.SarosSessionManager.stopSarosSession(SarosSessionManager.java:342)
	at de.fu_berlin.inf.dpp.Saros$1.run(Saros.java:333)
	at de.fu_berlin.inf.dpp.util.Utils$2.run(Utils.java:175)
	at java.lang.Thread.run(Unknown Source)
WARN  2015-05-13 17:24:33,886 (SWTUtils.java:193) could not execute runnable de.fu_berlin.inf.dpp.editor.EditorManager$4$2@2e1c4a1c, UI thread is not available
StackTrace:
	at de.fu_berlin.inf.dpp.ui.util.SWTUtils.runSafeSWTSync(SWTUtils.java:194)
	at de.fu_berlin.inf.dpp.editor.EditorManager$4.sessionEnded(EditorManager.java:330)
	at de.fu_berlin.inf.dpp.project.SarosSessionManager.sessionEnded(SarosSessionManager.java:718)
	at de.fu_berlin.inf.dpp.project.SarosSessionManager.stopSarosSession(SarosSessionManager.java:349)
	at de.fu_berlin.inf.dpp.Saros$1.run(Saros.java:333)
	at de.fu_berlin.inf.dpp.util.Utils$2.run(Utils.java:175)
	at java.lang.Thread.run(Unknown Source)
WARN  2015-05-13 17:24:33,967 (SWTUtils.java:144) could not execute runnable de.fu_berlin.inf.dpp.ui.views.SarosView$11@110607c9, UI thread is not available
StackTrace:
	at de.fu_berlin.inf.dpp.ui.util.SWTUtils.runSafeSWTAsync(SWTUtils.java:145)
	at de.fu_berlin.inf.dpp.ui.views.SarosView.clearNotifications(SarosView.java:644)
	at de.fu_berlin.inf.dpp.ui.eventhandler.HostLeftAloneInSessionHandler$1.sessionEnded(HostLeftAloneInSessionHandler.java:46)
	at de.fu_berlin.inf.dpp.project.SarosSessionManager.sessionEnded(SarosSessionManager.java:718)
	at de.fu_berlin.inf.dpp.project.SarosSessionManager.stopSarosSession(SarosSessionManager.java:349)
	at de.fu_berlin.inf.dpp.Saros$1.run(Saros.java:333)
	at de.fu_berlin.inf.dpp.util.Utils$2.run(Utils.java:175)
	at java.lang.Thread.run(Unknown Source)
WARN  2015-05-13 17:24:33,979 (SWTUtils.java:144) could not execute runnable de.fu_berlin.inf.dpp.ui.decorators.SharedProjectDecorator$2@5f2b73eb, UI thread is not available
StackTrace:
	at de.fu_berlin.inf.dpp.ui.util.SWTUtils.runSafeSWTAsync(SWTUtils.java:145)
	at de.fu_berlin.inf.dpp.ui.decorators.SharedProjectDecorator.updateDecoratorsAsync(SharedProjectDecorator.java:156)
	at de.fu_berlin.inf.dpp.ui.decorators.SharedProjectDecorator.access$2(SharedProjectDecorator.java:155)
	at de.fu_berlin.inf.dpp.ui.decorators.SharedProjectDecorator$1.sessionEnded(SharedProjectDecorator.java:93)
	at de.fu_berlin.inf.dpp.project.SarosSessionManager.sessionEnded(SarosSessionManager.java:718)
	at de.fu_berlin.inf.dpp.project.SarosSessionManager.stopSarosSession(SarosSessionManager.java:349)
	at de.fu_berlin.inf.dpp.Saros$1.run(Saros.java:333)
	at de.fu_berlin.inf.dpp.util.Utils$2.run(Utils.java:175)
	at java.lang.Thread.run(Unknown Source)
WARN  2015-05-13 17:24:34,000 (SWTUtils.java:144) could not execute runnable de.fu_berlin.inf.dpp.ui.decorators.SharedProjectFileDecorator$4@55d5592, UI thread is not available
StackTrace:
	at de.fu_berlin.inf.dpp.ui.util.SWTUtils.runSafeSWTAsync(SWTUtils.java:145)
	at de.fu_berlin.inf.dpp.ui.decorators.SharedProjectFileDecorator.updateDecoratorsAsync(SharedProjectFileDecorator.java:251)
	at de.fu_berlin.inf.dpp.ui.decorators.SharedProjectFileDecorator.updateDecoration(SharedProjectFileDecorator.java:246)
	at de.fu_berlin.inf.dpp.ui.decorators.SharedProjectFileDecorator.access$2(SharedProjectFileDecorator.java:235)
	at de.fu_berlin.inf.dpp.ui.decorators.SharedProjectFileDecorator$1.sessionEnded(SharedProjectFileDecorator.java:136)
	at de.fu_berlin.inf.dpp.project.SarosSessionManager.sessionEnded(SarosSessionManager.java:718)
	at de.fu_berlin.inf.dpp.project.SarosSessionManager.stopSarosSession(SarosSessionManager.java:349)
	at de.fu_berlin.inf.dpp.Saros$1.run(Saros.java:333)
	at de.fu_berlin.inf.dpp.util.Utils$2.run(Utils.java:175)
	at java.lang.Thread.run(Unknown Source)
WARN  2015-05-13 17:24:34,013 (SWTUtils.java:144) could not execute runnable de.fu_berlin.inf.dpp.ui.widgets.ConnectionStateComposite$1$1@35db57c0, UI thread is not available
StackTrace:
	at de.fu_berlin.inf.dpp.ui.util.SWTUtils.runSafeSWTAsync(SWTUtils.java:145)
	at de.fu_berlin.inf.dpp.ui.widgets.ConnectionStateComposite$1.connectionStateChanged(ConnectionStateComposite.java:55)
	at de.fu_berlin.inf.dpp.net.SarosNet.setConnectionState(SarosNet.java:390)
	at de.fu_berlin.inf.dpp.net.SarosNet.disconnect(SarosNet.java:289)
	at de.fu_berlin.inf.dpp.Saros$1.run(Saros.java:334)
	at de.fu_berlin.inf.dpp.util.Utils$2.run(Utils.java:175)
	at java.lang.Thread.run(Unknown Source)
WARN  2015-05-13 17:24:34,208 (SWTUtils.java:144) could not execute runnable de.fu_berlin.inf.dpp.ui.widgets.ConnectionStateComposite$1$1@3e16cb2c, UI thread is not available
StackTrace:
	at de.fu_berlin.inf.dpp.ui.util.SWTUtils.runSafeSWTAsync(SWTUtils.java:145)
	at de.fu_berlin.inf.dpp.ui.widgets.ConnectionStateComposite$1.connectionStateChanged(ConnectionStateComposite.java:55)
	at de.fu_berlin.inf.dpp.net.SarosNet.setConnectionState(SarosNet.java:390)
	at de.fu_berlin.inf.dpp.net.SarosNet.disconnect(SarosNet.java:293)
	at de.fu_berlin.inf.dpp.Saros$1.run(Saros.java:334)
	at de.fu_berlin.inf.dpp.util.Utils$2.run(Utils.java:175)
	at java.lang.Thread.run(Unknown Source)
