INFO  2015-06-12 19:01:37,385 (Saros.java:256) Starting Saros 13.12.6 running:
  Java Version: 1.7.0_40
  Java Vendor: Oracle Corporation
  Eclipse Runtime Version: 3.9.0.v20130326-1255
  Operating System: Windows 8 (6.2)
  Hardware Architecture: amd64
INFO  2015-06-12 19:01:37,553 (XMPPAccountStore.java:103) loaded 3 accounts
INFO  2015-06-12 19:01:37,647 (PreferenceInitializer.java:53) initializing preference default values
DEBUG 2015-06-12 19:01:37,720 (DataTransferManager.java:444) used transport order for the current XMPP connection: [de.fu_berlin.inf.dpp.net.internal.Socks5Transport@19a4cbe5, de.fu_berlin.inf.dpp.net.internal.IBBTransport@1246348a]
DEBUG 2015-06-12 19:01:37,837 (StreamServiceManager.java:225) StreamServices added:
  SendFile
  AudioService
  VideoSharing
DEBUG 2015-06-12 19:01:38,092 (SarosAnnotation.java:112) resetting annotation colors
WARN  2015-06-12 19:01:39,337 (NullSarosSession.java:64) unexpected method call
WARN  2015-06-12 19:01:39,456 (NullSarosSession.java:64) unexpected method call
DEBUG 2015-06-12 19:01:48,505 (SharedDocumentProvider.java:79) SharedDocumentProvider created by Eclipse
WARN  2015-06-12 19:02:03,770 (NullSarosSession.java:64) unexpected method call
WARN  2015-06-12 19:02:03,813 (NullSarosSession.java:64) unexpected method call
DEBUG 2015-06-12 19:02:15,067 (WhiteboardManager.java:108) WhiteboardManager instantiated
DEBUG 2015-06-12 19:02:15,345 (DocumentRecord.java:93) Added Node: attr(14341285353314418) name=svg
DEBUG 2015-06-12 19:02:21,718 (SarosNet.java:423) started Socks5 proxy on port: 7777 [listening on all interfaces]
DEBUG 2015-06-12 19:02:22,421 (SarosNet.java:433) found interface addresses: [192.168.56.1, 192.168.1.8, fe80:0:0:0:e114:e9ef:c8a:6848%3, fe80:0:0:0:1f1:8fa8:17e0:8274%13]
DEBUG 2015-06-12 19:02:22,673 (SarosNet.java:383)  new connection state == CONNECTING
DEBUG 2015-06-12 19:02:26,080 (SarosNet.java:383) raphael.latty@saros-con.imp.fu-berlin.de/Saros new connection state == CONNECTED
DEBUG 2015-06-12 19:02:26,080 (DataTransferManager.java:444) used transport order for the current XMPP connection: [de.fu_berlin.inf.dpp.net.internal.Socks5Transport@19a4cbe5, de.fu_berlin.inf.dpp.net.internal.IBBTransport@1246348a]
DEBUG 2015-06-12 19:02:26,083 (SkypeManager.java:286) Refreshing Skype username cache...
WARN  2015-06-12 19:02:32,701 (StunServiceImpl.java:420) received no response from STUN server stunserver.org/69.172.201.208:3478 at local address /192.168.56.1:0
WARN  2015-06-12 19:02:32,701 (StunServiceImpl.java:420) received no response from STUN server stunserver.org/69.172.201.208:3478 at local address /192.168.1.8:0
WARN  2015-06-12 21:14:17,955 (NullSarosSession.java:64) unexpected method call
WARN  2015-06-12 21:14:18,024 (NullSarosSession.java:64) unexpected method call
DEBUG 2015-06-12 21:14:18,919 (SarosNet.java:383) raphael.latty@saros-con.imp.fu-berlin.de/Saros new connection state == DISCONNECTING
WARN  2015-06-12 21:14:18,966 (SWTUtils.java:144) could not execute runnable de.fu_berlin.inf.dpp.ui.widgets.ConnectionStateComposite$1$1@1e20e249, UI thread is not available
StackTrace:
	at de.fu_berlin.inf.dpp.ui.util.SWTUtils.runSafeSWTAsync(SWTUtils.java:145)
	at de.fu_berlin.inf.dpp.ui.widgets.ConnectionStateComposite$1.connectionStateChanged(ConnectionStateComposite.java:55)
	at de.fu_berlin.inf.dpp.net.SarosNet.setConnectionState(SarosNet.java:390)
	at de.fu_berlin.inf.dpp.net.SarosNet.disconnect(SarosNet.java:289)
	at de.fu_berlin.inf.dpp.Saros$1.run(Saros.java:334)
	at de.fu_berlin.inf.dpp.util.Utils$2.run(Utils.java:175)
	at java.lang.Thread.run(Unknown Source)
DEBUG 2015-06-12 21:14:19,236 (SarosNet.java:383)  new connection state == NOT_CONNECTED
WARN  2015-06-12 21:14:19,236 (SWTUtils.java:144) could not execute runnable de.fu_berlin.inf.dpp.ui.widgets.ConnectionStateComposite$1$1@cc12a26, UI thread is not available
StackTrace:
	at de.fu_berlin.inf.dpp.ui.util.SWTUtils.runSafeSWTAsync(SWTUtils.java:145)
	at de.fu_berlin.inf.dpp.ui.widgets.ConnectionStateComposite$1.connectionStateChanged(ConnectionStateComposite.java:55)
	at de.fu_berlin.inf.dpp.net.SarosNet.setConnectionState(SarosNet.java:390)
	at de.fu_berlin.inf.dpp.net.SarosNet.disconnect(SarosNet.java:293)
	at de.fu_berlin.inf.dpp.Saros$1.run(Saros.java:334)
	at de.fu_berlin.inf.dpp.util.Utils$2.run(Utils.java:175)
	at java.lang.Thread.run(Unknown Source)
DEBUG 2015-06-12 21:14:19,242 (UPnPServiceImpl.java:295) deleting existing port mappings
