WARN  2015-05-15 13:35:53,877 (NullSarosSession.java:64) unexpected method call
WARN  2015-05-15 13:35:54,111 (NullSarosSession.java:64) unexpected method call
WARN  2015-05-15 13:36:05,551 (NullSarosSession.java:64) unexpected method call
WARN  2015-05-15 13:36:05,785 (NullSarosSession.java:64) unexpected method call
WARN  2015-05-15 13:36:20,483 (StunServiceImpl.java:420) received no response from STUN server stunserver.org/69.172.201.208:3478 at local address /192.168.56.1:0
WARN  2015-05-15 13:36:20,483 (StunServiceImpl.java:420) received no response from STUN server stunserver.org/69.172.201.208:3478 at local address /128.179.152.44:0
WARN  2015-05-15 15:42:03,136 (NullSarosSession.java:64) unexpected method call
WARN  2015-05-15 15:42:03,206 (NullSarosSession.java:64) unexpected method call
WARN  2015-05-15 15:42:03,887 (SWTUtils.java:144) could not execute runnable de.fu_berlin.inf.dpp.ui.widgets.ConnectionStateComposite$1$1@2ae1ac16, UI thread is not available
StackTrace:
	at de.fu_berlin.inf.dpp.ui.util.SWTUtils.runSafeSWTAsync(SWTUtils.java:145)
	at de.fu_berlin.inf.dpp.ui.widgets.ConnectionStateComposite$1.connectionStateChanged(ConnectionStateComposite.java:55)
	at de.fu_berlin.inf.dpp.net.SarosNet.setConnectionState(SarosNet.java:390)
	at de.fu_berlin.inf.dpp.net.SarosNet.disconnect(SarosNet.java:289)
	at de.fu_berlin.inf.dpp.Saros$1.run(Saros.java:334)
	at de.fu_berlin.inf.dpp.util.Utils$2.run(Utils.java:175)
	at java.lang.Thread.run(Unknown Source)
WARN  2015-05-15 15:42:04,103 (SWTUtils.java:144) could not execute runnable de.fu_berlin.inf.dpp.ui.widgets.ConnectionStateComposite$1$1@25976837, UI thread is not available
StackTrace:
	at de.fu_berlin.inf.dpp.ui.util.SWTUtils.runSafeSWTAsync(SWTUtils.java:145)
	at de.fu_berlin.inf.dpp.ui.widgets.ConnectionStateComposite$1.connectionStateChanged(ConnectionStateComposite.java:55)
	at de.fu_berlin.inf.dpp.net.SarosNet.setConnectionState(SarosNet.java:390)
	at de.fu_berlin.inf.dpp.net.SarosNet.disconnect(SarosNet.java:293)
	at de.fu_berlin.inf.dpp.Saros$1.run(Saros.java:334)
	at de.fu_berlin.inf.dpp.util.Utils$2.run(Utils.java:175)
	at java.lang.Thread.run(Unknown Source)
