INFO  2015-05-15 13:35:53,017 (Saros.java:256) Starting Saros 13.12.6 running:
  Java Version: 1.7.0_40
  Java Vendor: Oracle Corporation
  Eclipse Runtime Version: 3.9.0.v20130326-1255
  Operating System: Windows 8 (6.2)
  Hardware Architecture: amd64
INFO  2015-05-15 13:35:53,079 (XMPPAccountStore.java:103) loaded 3 accounts
INFO  2015-05-15 13:35:53,126 (PreferenceInitializer.java:53) initializing preference default values
DEBUG 2015-05-15 13:35:53,142 (DataTransferManager.java:444) used transport order for the current XMPP connection: [de.fu_berlin.inf.dpp.net.internal.Socks5Transport@3dcdd68d, de.fu_berlin.inf.dpp.net.internal.IBBTransport@14c0e2ae]
DEBUG 2015-05-15 13:35:53,204 (StreamServiceManager.java:225) StreamServices added:
  SendFile
  AudioService
  VideoSharing
DEBUG 2015-05-15 13:35:53,298 (SarosAnnotation.java:112) resetting annotation colors
WARN  2015-05-15 13:35:53,877 (NullSarosSession.java:64) unexpected method call
WARN  2015-05-15 13:35:54,111 (NullSarosSession.java:64) unexpected method call
DEBUG 2015-05-15 13:35:59,441 (SharedDocumentProvider.java:79) SharedDocumentProvider created by Eclipse
WARN  2015-05-15 13:36:05,551 (NullSarosSession.java:64) unexpected method call
WARN  2015-05-15 13:36:05,785 (NullSarosSession.java:64) unexpected method call
DEBUG 2015-05-15 13:36:08,723 (WhiteboardManager.java:108) WhiteboardManager instantiated
DEBUG 2015-05-15 13:36:08,770 (DocumentRecord.java:93) Added Node: attr(143168976875425077) name=svg
DEBUG 2015-05-15 13:36:09,410 (SarosNet.java:423) started Socks5 proxy on port: 7777 [listening on all interfaces]
DEBUG 2015-05-15 13:36:09,841 (SarosNet.java:433) found interface addresses: [192.168.56.1, 128.179.152.44, fe80:0:0:0:ddd1:fc27:b358:fb10%4, fe80:0:0:0:1f1:8fa8:17e0:8274%13]
DEBUG 2015-05-15 13:36:09,888 (SarosNet.java:383)  new connection state == CONNECTING
DEBUG 2015-05-15 13:36:11,544 (SarosNet.java:383) raphael.latty@saros-con.imp.fu-berlin.de/Saros new connection state == CONNECTED
DEBUG 2015-05-15 13:36:11,544 (DataTransferManager.java:444) used transport order for the current XMPP connection: [de.fu_berlin.inf.dpp.net.internal.Socks5Transport@3dcdd68d, de.fu_berlin.inf.dpp.net.internal.IBBTransport@14c0e2ae]
DEBUG 2015-05-15 13:36:11,560 (SkypeManager.java:286) Refreshing Skype username cache...
WARN  2015-05-15 13:36:20,483 (StunServiceImpl.java:420) received no response from STUN server stunserver.org/69.172.201.208:3478 at local address /192.168.56.1:0
WARN  2015-05-15 13:36:20,483 (StunServiceImpl.java:420) received no response from STUN server stunserver.org/69.172.201.208:3478 at local address /128.179.152.44:0
WARN  2015-05-15 15:42:03,136 (NullSarosSession.java:64) unexpected method call
WARN  2015-05-15 15:42:03,206 (NullSarosSession.java:64) unexpected method call
DEBUG 2015-05-15 15:42:03,887 (SarosNet.java:383) raphael.latty@saros-con.imp.fu-berlin.de/Saros new connection state == DISCONNECTING
WARN  2015-05-15 15:42:03,887 (SWTUtils.java:144) could not execute runnable de.fu_berlin.inf.dpp.ui.widgets.ConnectionStateComposite$1$1@2ae1ac16, UI thread is not available
StackTrace:
	at de.fu_berlin.inf.dpp.ui.util.SWTUtils.runSafeSWTAsync(SWTUtils.java:145)
	at de.fu_berlin.inf.dpp.ui.widgets.ConnectionStateComposite$1.connectionStateChanged(ConnectionStateComposite.java:55)
	at de.fu_berlin.inf.dpp.net.SarosNet.setConnectionState(SarosNet.java:390)
	at de.fu_berlin.inf.dpp.net.SarosNet.disconnect(SarosNet.java:289)
	at de.fu_berlin.inf.dpp.Saros$1.run(Saros.java:334)
	at de.fu_berlin.inf.dpp.util.Utils$2.run(Utils.java:175)
	at java.lang.Thread.run(Unknown Source)
DEBUG 2015-05-15 15:42:04,103 (SarosNet.java:383)  new connection state == NOT_CONNECTED
WARN  2015-05-15 15:42:04,103 (SWTUtils.java:144) could not execute runnable de.fu_berlin.inf.dpp.ui.widgets.ConnectionStateComposite$1$1@25976837, UI thread is not available
StackTrace:
	at de.fu_berlin.inf.dpp.ui.util.SWTUtils.runSafeSWTAsync(SWTUtils.java:145)
	at de.fu_berlin.inf.dpp.ui.widgets.ConnectionStateComposite$1.connectionStateChanged(ConnectionStateComposite.java:55)
	at de.fu_berlin.inf.dpp.net.SarosNet.setConnectionState(SarosNet.java:390)
	at de.fu_berlin.inf.dpp.net.SarosNet.disconnect(SarosNet.java:293)
	at de.fu_berlin.inf.dpp.Saros$1.run(Saros.java:334)
	at de.fu_berlin.inf.dpp.util.Utils$2.run(Utils.java:175)
	at java.lang.Thread.run(Unknown Source)
DEBUG 2015-05-15 15:42:04,103 (UPnPServiceImpl.java:295) deleting existing port mappings
