WARN  2015-04-14 10:16:03,736 (NullSarosSession.java:64) unexpected method call
WARN  2015-04-14 10:16:03,755 (NullSarosSession.java:64) unexpected method call
WARN  2015-04-14 10:16:21,048 (NullSarosSession.java:64) unexpected method call
WARN  2015-04-14 10:16:21,081 (NullSarosSession.java:64) unexpected method call
ERROR 2015-04-14 11:04:37,396 (StunServiceImpl.java:263) error sending STUN request
java.net.BindException: Cannot assign requested address: Datagram send failed
	at java.net.DualStackPlainDatagramSocketImpl.socketSend(Native Method)
	at java.net.DualStackPlainDatagramSocketImpl.send(Unknown Source)
	at java.net.DatagramSocket.send(Unknown Source)
	at de.fu_berlin.inf.dpp.net.stun.internal.StunServiceImpl$StunDiscovery$1.run(StunServiceImpl.java:255)
	at java.lang.Thread.run(Unknown Source)
ERROR 2015-04-14 11:04:38,089 (SarosNet.java:385)  new connection state == ERROR
SASL authentication PLAIN failed: not-authorized: 
	at org.jivesoftware.smack.SASLAuthentication.authenticate(SASLAuthentication.java:342)
	at org.jivesoftware.smack.XMPPConnection.login(XMPPConnection.java:243)
	at de.fu_berlin.inf.dpp.net.SarosNet.connect(SarosNet.java:261)
	at de.fu_berlin.inf.dpp.Saros.connect(Saros.java:660)
	at de.fu_berlin.inf.dpp.Saros$2.run(Saros.java:600)
	at de.fu_berlin.inf.dpp.util.Utils$2.run(Utils.java:175)
	at java.lang.Thread.run(Unknown Source)
WARN  2015-04-14 11:04:47,394 (StunServiceImpl.java:420) received no response from STUN server stunserver.org/127.0.0.1:3478 at local address /128.179.156.93:0
ERROR 2015-04-14 11:04:54,516 (SarosNet.java:385)  new connection state == ERROR
SASL authentication PLAIN failed: not-authorized: 
	at org.jivesoftware.smack.SASLAuthentication.authenticate(SASLAuthentication.java:342)
	at org.jivesoftware.smack.XMPPConnection.login(XMPPConnection.java:243)
	at de.fu_berlin.inf.dpp.net.SarosNet.connect(SarosNet.java:261)
	at de.fu_berlin.inf.dpp.Saros.connect(Saros.java:660)
	at de.fu_berlin.inf.dpp.Saros.connect(Saros.java:681)
	at de.fu_berlin.inf.dpp.Saros$2.run(Saros.java:600)
	at de.fu_berlin.inf.dpp.util.Utils$2.run(Utils.java:175)
	at java.lang.Thread.run(Unknown Source)
ERROR 2015-04-14 11:04:54,531 (StunServiceImpl.java:263) error sending STUN request
java.net.BindException: Cannot assign requested address: Datagram send failed
	at java.net.DualStackPlainDatagramSocketImpl.socketSend(Native Method)
	at java.net.DualStackPlainDatagramSocketImpl.send(Unknown Source)
	at java.net.DatagramSocket.send(Unknown Source)
	at de.fu_berlin.inf.dpp.net.stun.internal.StunServiceImpl$StunDiscovery$1.run(StunServiceImpl.java:255)
	at java.lang.Thread.run(Unknown Source)
ERROR 2015-04-14 11:05:00,001 (StunServiceImpl.java:263) error sending STUN request
java.net.BindException: Cannot assign requested address: Datagram send failed
	at java.net.DualStackPlainDatagramSocketImpl.socketSend(Native Method)
	at java.net.DualStackPlainDatagramSocketImpl.send(Unknown Source)
	at java.net.DatagramSocket.send(Unknown Source)
	at de.fu_berlin.inf.dpp.net.stun.internal.StunServiceImpl$StunDiscovery$1.run(StunServiceImpl.java:255)
	at java.lang.Thread.run(Unknown Source)
ERROR 2015-04-14 11:05:00,002 (SarosNet.java:385)  new connection state == ERROR
SASL authentication PLAIN failed: not-authorized: 
	at org.jivesoftware.smack.SASLAuthentication.authenticate(SASLAuthentication.java:342)
	at org.jivesoftware.smack.XMPPConnection.login(XMPPConnection.java:243)
	at de.fu_berlin.inf.dpp.net.SarosNet.connect(SarosNet.java:261)
	at de.fu_berlin.inf.dpp.Saros.connect(Saros.java:660)
	at de.fu_berlin.inf.dpp.ui.actions.ChangeXMPPAccountAction$6.run(ChangeXMPPAccountAction.java:195)
	at de.fu_berlin.inf.dpp.util.Utils$2.run(Utils.java:175)
	at java.lang.Thread.run(Unknown Source)
WARN  2015-04-14 11:05:04,531 (StunServiceImpl.java:420) received no response from STUN server stunserver.org/127.0.0.1:3478 at local address /128.179.156.93:0
ERROR 2015-04-14 11:05:05,704 (SarosNet.java:385)  new connection state == ERROR
SASL authentication PLAIN failed: not-authorized: 
	at org.jivesoftware.smack.SASLAuthentication.authenticate(SASLAuthentication.java:342)
	at org.jivesoftware.smack.XMPPConnection.login(XMPPConnection.java:243)
	at de.fu_berlin.inf.dpp.net.SarosNet.connect(SarosNet.java:261)
	at de.fu_berlin.inf.dpp.Saros.connect(Saros.java:660)
	at de.fu_berlin.inf.dpp.Saros.connect(Saros.java:681)
	at de.fu_berlin.inf.dpp.ui.actions.ChangeXMPPAccountAction$6.run(ChangeXMPPAccountAction.java:195)
	at de.fu_berlin.inf.dpp.util.Utils$2.run(Utils.java:175)
	at java.lang.Thread.run(Unknown Source)
ERROR 2015-04-14 11:05:05,721 (StunServiceImpl.java:263) error sending STUN request
java.net.BindException: Cannot assign requested address: Datagram send failed
	at java.net.DualStackPlainDatagramSocketImpl.socketSend(Native Method)
	at java.net.DualStackPlainDatagramSocketImpl.send(Unknown Source)
	at java.net.DatagramSocket.send(Unknown Source)
	at de.fu_berlin.inf.dpp.net.stun.internal.StunServiceImpl$StunDiscovery$1.run(StunServiceImpl.java:255)
	at java.lang.Thread.run(Unknown Source)
WARN  2015-04-14 11:05:10,002 (StunServiceImpl.java:420) received no response from STUN server stunserver.org/127.0.0.1:3478 at local address /128.179.156.93:0
ERROR 2015-04-14 11:05:12,448 (SarosNet.java:385)  new connection state == ERROR
SASL authentication PLAIN failed: not-authorized: 
	at org.jivesoftware.smack.SASLAuthentication.authenticate(SASLAuthentication.java:342)
	at org.jivesoftware.smack.XMPPConnection.login(XMPPConnection.java:243)
	at de.fu_berlin.inf.dpp.net.SarosNet.connect(SarosNet.java:261)
	at de.fu_berlin.inf.dpp.Saros.connect(Saros.java:660)
	at de.fu_berlin.inf.dpp.Saros.connect(Saros.java:681)
	at de.fu_berlin.inf.dpp.Saros.connect(Saros.java:681)
	at de.fu_berlin.inf.dpp.ui.actions.ChangeXMPPAccountAction$6.run(ChangeXMPPAccountAction.java:195)
	at de.fu_berlin.inf.dpp.util.Utils$2.run(Utils.java:175)
	at java.lang.Thread.run(Unknown Source)
ERROR 2015-04-14 11:05:12,569 (StunServiceImpl.java:263) error sending STUN request
java.net.BindException: Cannot assign requested address: Datagram send failed
	at java.net.DualStackPlainDatagramSocketImpl.socketSend(Native Method)
	at java.net.DualStackPlainDatagramSocketImpl.send(Unknown Source)
	at java.net.DatagramSocket.send(Unknown Source)
	at de.fu_berlin.inf.dpp.net.stun.internal.StunServiceImpl$StunDiscovery$1.run(StunServiceImpl.java:255)
	at java.lang.Thread.run(Unknown Source)
WARN  2015-04-14 11:05:15,722 (StunServiceImpl.java:420) received no response from STUN server stunserver.org/127.0.0.1:3478 at local address /128.179.156.93:0
WARN  2015-04-14 11:05:22,569 (StunServiceImpl.java:420) received no response from STUN server stunserver.org/127.0.0.1:3478 at local address /128.179.156.93:0
ERROR 2015-04-14 11:05:50,531 (StunServiceImpl.java:263) error sending STUN request
java.net.BindException: Cannot assign requested address: Datagram send failed
	at java.net.DualStackPlainDatagramSocketImpl.socketSend(Native Method)
	at java.net.DualStackPlainDatagramSocketImpl.send(Unknown Source)
	at java.net.DatagramSocket.send(Unknown Source)
	at de.fu_berlin.inf.dpp.net.stun.internal.StunServiceImpl$StunDiscovery$1.run(StunServiceImpl.java:255)
	at java.lang.Thread.run(Unknown Source)
WARN  2015-04-14 11:06:00,530 (StunServiceImpl.java:420) received no response from STUN server stunserver.org/127.0.0.1:3478 at local address /128.179.156.93:0
ERROR 2015-04-14 11:06:11,245 (SarosNet.java:385)  new connection state == ERROR
msn.com:5222 Exception: XMPPError connecting to msn.com:5222.; : remote-server-error(502)
	at org.jivesoftware.smack.XMPPConnection.connectUsingConfiguration(XMPPConnection.java:600)
	at org.jivesoftware.smack.XMPPConnection.connect(XMPPConnection.java:1022)
	at de.fu_berlin.inf.dpp.net.SarosNet.connect(SarosNet.java:250)
	at de.fu_berlin.inf.dpp.Saros.connect(Saros.java:660)
	at de.fu_berlin.inf.dpp.Saros.connect(Saros.java:681)
	at de.fu_berlin.inf.dpp.Saros.connect(Saros.java:681)
	at de.fu_berlin.inf.dpp.Saros.connect(Saros.java:681)
	at de.fu_berlin.inf.dpp.ui.actions.ChangeXMPPAccountAction$6.run(ChangeXMPPAccountAction.java:195)
	at de.fu_berlin.inf.dpp.util.Utils$2.run(Utils.java:175)
	at java.lang.Thread.run(Unknown Source)
ERROR 2015-04-14 11:06:27,410 (StunServiceImpl.java:263) error sending STUN request
java.net.BindException: Cannot assign requested address: Datagram send failed
	at java.net.DualStackPlainDatagramSocketImpl.socketSend(Native Method)
	at java.net.DualStackPlainDatagramSocketImpl.send(Unknown Source)
	at java.net.DatagramSocket.send(Unknown Source)
	at de.fu_berlin.inf.dpp.net.stun.internal.StunServiceImpl$StunDiscovery$1.run(StunServiceImpl.java:255)
	at java.lang.Thread.run(Unknown Source)
WARN  2015-04-14 11:06:37,410 (StunServiceImpl.java:420) received no response from STUN server stunserver.org/127.0.0.1:3478 at local address /128.179.156.93:0
ERROR 2015-04-14 11:06:48,112 (SarosNet.java:385)  new connection state == ERROR
msn.com:5222 Exception: XMPPError connecting to msn.com:5222.; : remote-server-error(502)
	at org.jivesoftware.smack.XMPPConnection.connectUsingConfiguration(XMPPConnection.java:600)
	at org.jivesoftware.smack.XMPPConnection.connect(XMPPConnection.java:1022)
	at de.fu_berlin.inf.dpp.net.SarosNet.connect(SarosNet.java:250)
	at de.fu_berlin.inf.dpp.Saros.connect(Saros.java:660)
	at de.fu_berlin.inf.dpp.Saros.connect(Saros.java:681)
	at de.fu_berlin.inf.dpp.Saros.connect(Saros.java:681)
	at de.fu_berlin.inf.dpp.Saros.connect(Saros.java:681)
	at de.fu_berlin.inf.dpp.Saros.connect(Saros.java:681)
	at de.fu_berlin.inf.dpp.ui.actions.ChangeXMPPAccountAction$6.run(ChangeXMPPAccountAction.java:195)
	at de.fu_berlin.inf.dpp.util.Utils$2.run(Utils.java:175)
	at java.lang.Thread.run(Unknown Source)
ERROR 2015-04-14 11:07:34,350 (StunServiceImpl.java:263) error sending STUN request
java.net.BindException: Cannot assign requested address: Datagram send failed
	at java.net.DualStackPlainDatagramSocketImpl.socketSend(Native Method)
	at java.net.DualStackPlainDatagramSocketImpl.send(Unknown Source)
	at java.net.DatagramSocket.send(Unknown Source)
	at de.fu_berlin.inf.dpp.net.stun.internal.StunServiceImpl$StunDiscovery$1.run(StunServiceImpl.java:255)
	at java.lang.Thread.run(Unknown Source)
WARN  2015-04-14 11:07:44,350 (StunServiceImpl.java:420) received no response from STUN server stunserver.org/127.0.0.1:3478 at local address /128.179.156.93:0
ERROR 2015-04-14 11:07:55,727 (SarosNet.java:385)  new connection state == ERROR
msn.com:5222 Exception: XMPPError connecting to msn.com:5222.; : remote-server-error(502)
	at org.jivesoftware.smack.XMPPConnection.connectUsingConfiguration(XMPPConnection.java:600)
	at org.jivesoftware.smack.XMPPConnection.connect(XMPPConnection.java:1022)
	at de.fu_berlin.inf.dpp.net.SarosNet.connect(SarosNet.java:250)
	at de.fu_berlin.inf.dpp.Saros.connect(Saros.java:660)
	at de.fu_berlin.inf.dpp.ui.actions.ChangeXMPPAccountAction$6.run(ChangeXMPPAccountAction.java:195)
	at de.fu_berlin.inf.dpp.util.Utils$2.run(Utils.java:175)
	at java.lang.Thread.run(Unknown Source)
ERROR 2015-04-14 11:47:39,167 (StunServiceImpl.java:263) error sending STUN request
java.net.BindException: Cannot assign requested address: Datagram send failed
	at java.net.DualStackPlainDatagramSocketImpl.socketSend(Native Method)
	at java.net.DualStackPlainDatagramSocketImpl.send(Unknown Source)
	at java.net.DatagramSocket.send(Unknown Source)
	at de.fu_berlin.inf.dpp.net.stun.internal.StunServiceImpl$StunDiscovery$1.run(StunServiceImpl.java:255)
	at java.lang.Thread.run(Unknown Source)
ERROR 2015-04-14 11:47:39,415 (SarosNet.java:385)  new connection state == ERROR
SASL authentication PLAIN failed: not-authorized: 
	at org.jivesoftware.smack.SASLAuthentication.authenticate(SASLAuthentication.java:342)
	at org.jivesoftware.smack.XMPPConnection.login(XMPPConnection.java:243)
	at de.fu_berlin.inf.dpp.net.SarosNet.connect(SarosNet.java:261)
	at de.fu_berlin.inf.dpp.Saros.connect(Saros.java:660)
	at de.fu_berlin.inf.dpp.ui.actions.ChangeXMPPAccountAction$6.run(ChangeXMPPAccountAction.java:195)
	at de.fu_berlin.inf.dpp.util.Utils$2.run(Utils.java:175)
	at java.lang.Thread.run(Unknown Source)
ERROR 2015-04-14 11:47:44,419 (StunServiceImpl.java:263) error sending STUN request
java.net.BindException: Cannot assign requested address: Datagram send failed
	at java.net.DualStackPlainDatagramSocketImpl.socketSend(Native Method)
	at java.net.DualStackPlainDatagramSocketImpl.send(Unknown Source)
	at java.net.DatagramSocket.send(Unknown Source)
	at de.fu_berlin.inf.dpp.net.stun.internal.StunServiceImpl$StunDiscovery$1.run(StunServiceImpl.java:255)
	at java.lang.Thread.run(Unknown Source)
ERROR 2015-04-14 11:47:44,600 (SarosNet.java:385)  new connection state == ERROR
SASL authentication PLAIN failed: not-authorized: 
	at org.jivesoftware.smack.SASLAuthentication.authenticate(SASLAuthentication.java:342)
	at org.jivesoftware.smack.XMPPConnection.login(XMPPConnection.java:243)
	at de.fu_berlin.inf.dpp.net.SarosNet.connect(SarosNet.java:261)
	at de.fu_berlin.inf.dpp.Saros.connect(Saros.java:660)
	at de.fu_berlin.inf.dpp.Saros.connect(Saros.java:681)
	at de.fu_berlin.inf.dpp.ui.actions.ChangeXMPPAccountAction$6.run(ChangeXMPPAccountAction.java:195)
	at de.fu_berlin.inf.dpp.util.Utils$2.run(Utils.java:175)
	at java.lang.Thread.run(Unknown Source)
WARN  2015-04-14 11:47:49,165 (StunServiceImpl.java:420) received no response from STUN server stunserver.org/127.0.0.1:3478 at local address /128.179.156.93:0
ERROR 2015-04-14 11:47:52,287 (StunServiceImpl.java:263) error sending STUN request
java.net.BindException: Cannot assign requested address: Datagram send failed
	at java.net.DualStackPlainDatagramSocketImpl.socketSend(Native Method)
	at java.net.DualStackPlainDatagramSocketImpl.send(Unknown Source)
	at java.net.DatagramSocket.send(Unknown Source)
	at de.fu_berlin.inf.dpp.net.stun.internal.StunServiceImpl$StunDiscovery$1.run(StunServiceImpl.java:255)
	at java.lang.Thread.run(Unknown Source)
ERROR 2015-04-14 11:47:52,517 (SarosNet.java:385)  new connection state == ERROR
SASL authentication PLAIN failed: not-authorized: 
	at org.jivesoftware.smack.SASLAuthentication.authenticate(SASLAuthentication.java:342)
	at org.jivesoftware.smack.XMPPConnection.login(XMPPConnection.java:243)
	at de.fu_berlin.inf.dpp.net.SarosNet.connect(SarosNet.java:261)
	at de.fu_berlin.inf.dpp.Saros.connect(Saros.java:660)
	at de.fu_berlin.inf.dpp.Saros.connect(Saros.java:681)
	at de.fu_berlin.inf.dpp.Saros.connect(Saros.java:681)
	at de.fu_berlin.inf.dpp.ui.actions.ChangeXMPPAccountAction$6.run(ChangeXMPPAccountAction.java:195)
	at de.fu_berlin.inf.dpp.util.Utils$2.run(Utils.java:175)
	at java.lang.Thread.run(Unknown Source)
WARN  2015-04-14 11:47:54,418 (StunServiceImpl.java:420) received no response from STUN server stunserver.org/127.0.0.1:3478 at local address /128.179.156.93:0
WARN  2015-04-14 11:48:02,286 (StunServiceImpl.java:420) received no response from STUN server stunserver.org/127.0.0.1:3478 at local address /128.179.156.93:0
ERROR 2015-04-14 11:49:09,029 (CreateXMPPAccountWizard.java:139) conflict(409)
conflict(409)
	at org.jivesoftware.smack.AccountManager.createAccount(AccountManager.java:240)
	at org.jivesoftware.smack.AccountManager.createAccount(AccountManager.java:203)
	at de.fu_berlin.inf.dpp.net.util.RosterUtils.createAccount(RosterUtils.java:210)
	at de.fu_berlin.inf.dpp.ui.wizards.CreateXMPPAccountWizard$1.run(CreateXMPPAccountWizard.java:126)
	at org.eclipse.jface.operation.ModalContext$ModalContextThread.run(ModalContext.java:121)
ERROR 2015-04-14 11:49:53,661 (StunServiceImpl.java:263) error sending STUN request
java.net.BindException: Cannot assign requested address: Datagram send failed
	at java.net.DualStackPlainDatagramSocketImpl.socketSend(Native Method)
	at java.net.DualStackPlainDatagramSocketImpl.send(Unknown Source)
	at java.net.DatagramSocket.send(Unknown Source)
	at de.fu_berlin.inf.dpp.net.stun.internal.StunServiceImpl$StunDiscovery$1.run(StunServiceImpl.java:255)
	at java.lang.Thread.run(Unknown Source)
WARN  2015-04-14 11:50:03,660 (StunServiceImpl.java:420) received no response from STUN server stunserver.org/127.0.0.1:3478 at local address /128.179.156.93:0
WARN  2015-04-14 11:50:48,961 (Socks5Transport.java:338) [SOCKS5] Received response connection without a running connect
WARN  2015-04-14 11:50:49,273 (Socks5Transport.java:338) [SOCKS5] Received response connection without a running connect
WARN  2015-04-14 11:51:16,704 (SharedResourcesManager.java:413) Resource changed while paused:
C(0) /
C(0) /CS211BeerPong
C(0) /CS211BeerPong/src
C(0) /CS211BeerPong/src/cs211
C(C) /CS211BeerPong/src/cs211/ImageProcessing.java

WARN  2015-04-14 11:51:16,948 (SharedResourcesManager.java:413) Resource changed while paused:
C(0) /
C(0) /CS211BeerPong
C(0) * /CS211BeerPong/bin
C(0) * /CS211BeerPong/bin/cs211
C(C) * /CS211BeerPong/bin/cs211/ImageProcessing.class
C(0) /CS211BeerPong/src
C(0) /CS211BeerPong/src/cs211
C(M) /CS211BeerPong/src/cs211/ImageProcessing.java

WARN  2015-04-14 11:52:36,505 (Socks5Transport.java:338) [SOCKS5] Received response connection without a running connect
WARN  2015-04-14 11:52:36,716 (Socks5Transport.java:338) [SOCKS5] Received response connection without a running connect
WARN  2015-04-14 12:04:07,784 (NullSarosSession.java:64) unexpected method call
WARN  2015-04-14 12:04:07,799 (NullSarosSession.java:64) unexpected method call
WARN  2015-04-14 12:04:07,877 (NullSarosSession.java:64) unexpected method call
WARN  2015-04-14 12:04:07,877 (NullSarosSession.java:64) unexpected method call
WARN  2015-04-14 12:04:07,971 (NullSarosSession.java:64) unexpected method call
WARN  2015-04-14 12:04:07,971 (NullSarosSession.java:64) unexpected method call
WARN  2015-04-14 12:04:08,049 (NullSarosSession.java:64) unexpected method call
WARN  2015-04-14 12:04:17,917 (NullSarosSession.java:64) unexpected method call
WARN  2015-04-14 12:04:17,933 (NullSarosSession.java:64) unexpected method call
WARN  2015-04-14 12:04:20,011 (NullSarosSession.java:64) unexpected method call
WARN  2015-04-14 12:04:20,011 (NullSarosSession.java:64) unexpected method call
WARN  2015-04-14 12:04:21,234 (NullSarosSession.java:64) unexpected method call
WARN  2015-04-14 12:04:21,250 (NullSarosSession.java:64) unexpected method call
WARN  2015-04-14 12:04:21,609 (NullSarosSession.java:64) unexpected method call
WARN  2015-04-14 12:04:21,625 (NullSarosSession.java:64) unexpected method call
WARN  2015-04-14 12:04:21,750 (NullSarosSession.java:64) unexpected method call
WARN  2015-04-14 12:04:21,765 (NullSarosSession.java:64) unexpected method call
WARN  2015-04-14 12:04:21,797 (NullSarosSession.java:64) unexpected method call
WARN  2015-04-14 12:04:21,812 (NullSarosSession.java:64) unexpected method call
WARN  2015-04-14 12:04:21,969 (NullSarosSession.java:64) unexpected method call
WARN  2015-04-14 12:04:21,999 (NullSarosSession.java:64) unexpected method call
WARN  2015-04-14 12:04:22,051 (NullSarosSession.java:64) unexpected method call
WARN  2015-04-14 12:04:22,079 (NullSarosSession.java:64) unexpected method call
WARN  2015-04-14 12:04:22,473 (NullSarosSession.java:64) unexpected method call
WARN  2015-04-14 12:04:22,473 (NullSarosSession.java:64) unexpected method call
WARN  2015-04-14 12:04:22,511 (NullSarosSession.java:64) unexpected method call
WARN  2015-04-14 12:04:22,520 (NullSarosSession.java:64) unexpected method call
