WARN  2015-05-04 18:53:31,121 (NullSarosSession.java:64) unexpected method call
WARN  2015-05-04 18:53:31,277 (NullSarosSession.java:64) unexpected method call
WARN  2015-05-04 18:54:12,821 (NullSarosSession.java:64) unexpected method call
WARN  2015-05-04 18:54:12,873 (NullSarosSession.java:64) unexpected method call
WARN  2015-05-04 18:54:35,737 (StunServiceImpl.java:420) received no response from STUN server stunserver.org/69.172.201.208:3478 at local address /192.168.1.8:0
WARN  2015-05-04 19:13:14,834 (NullSarosSession.java:64) unexpected method call
WARN  2015-05-04 19:13:15,026 (NullSarosSession.java:64) unexpected method call
WARN  2015-05-04 19:13:15,801 (SWTUtils.java:144) could not execute runnable de.fu_berlin.inf.dpp.ui.widgets.ConnectionStateComposite$1$1@3a1ca7b1, UI thread is not available
StackTrace:
	at de.fu_berlin.inf.dpp.ui.util.SWTUtils.runSafeSWTAsync(SWTUtils.java:145)
	at de.fu_berlin.inf.dpp.ui.widgets.ConnectionStateComposite$1.connectionStateChanged(ConnectionStateComposite.java:55)
	at de.fu_berlin.inf.dpp.net.SarosNet.setConnectionState(SarosNet.java:390)
	at de.fu_berlin.inf.dpp.net.SarosNet.disconnect(SarosNet.java:289)
	at de.fu_berlin.inf.dpp.Saros$1.run(Saros.java:334)
	at de.fu_berlin.inf.dpp.util.Utils$2.run(Utils.java:175)
	at java.lang.Thread.run(Unknown Source)
WARN  2015-05-04 19:13:15,990 (SWTUtils.java:144) could not execute runnable de.fu_berlin.inf.dpp.ui.widgets.ConnectionStateComposite$1$1@56d4ef91, UI thread is not available
StackTrace:
	at de.fu_berlin.inf.dpp.ui.util.SWTUtils.runSafeSWTAsync(SWTUtils.java:145)
	at de.fu_berlin.inf.dpp.ui.widgets.ConnectionStateComposite$1.connectionStateChanged(ConnectionStateComposite.java:55)
	at de.fu_berlin.inf.dpp.net.SarosNet.setConnectionState(SarosNet.java:390)
	at de.fu_berlin.inf.dpp.net.SarosNet.disconnect(SarosNet.java:293)
	at de.fu_berlin.inf.dpp.Saros$1.run(Saros.java:334)
	at de.fu_berlin.inf.dpp.util.Utils$2.run(Utils.java:175)
	at java.lang.Thread.run(Unknown Source)
