INFO  2015-06-13 09:04:42,030 (Saros.java:256) Starting Saros 13.12.6 running:
  Java Version: 1.7.0_40
  Java Vendor: Oracle Corporation
  Eclipse Runtime Version: 3.9.0.v20130326-1255
  Operating System: Windows 8 (6.2)
  Hardware Architecture: amd64
INFO  2015-06-13 09:04:42,186 (XMPPAccountStore.java:103) loaded 3 accounts
INFO  2015-06-13 09:04:42,280 (PreferenceInitializer.java:53) initializing preference default values
DEBUG 2015-06-13 09:04:42,343 (DataTransferManager.java:444) used transport order for the current XMPP connection: [de.fu_berlin.inf.dpp.net.internal.Socks5Transport@7bab89cd, de.fu_berlin.inf.dpp.net.internal.IBBTransport@3ae43129]
DEBUG 2015-06-13 09:04:42,483 (StreamServiceManager.java:225) StreamServices added:
  SendFile
  AudioService
  VideoSharing
DEBUG 2015-06-13 09:04:42,686 (SarosAnnotation.java:112) resetting annotation colors
WARN  2015-06-13 09:04:43,968 (NullSarosSession.java:64) unexpected method call
WARN  2015-06-13 09:04:44,046 (NullSarosSession.java:64) unexpected method call
DEBUG 2015-06-13 09:04:52,484 (SharedDocumentProvider.java:79) SharedDocumentProvider created by Eclipse
WARN  2015-06-13 09:05:00,183 (NullSarosSession.java:64) unexpected method call
WARN  2015-06-13 09:05:00,230 (NullSarosSession.java:64) unexpected method call
DEBUG 2015-06-13 09:05:06,700 (WhiteboardManager.java:108) WhiteboardManager instantiated
DEBUG 2015-06-13 09:05:07,043 (DocumentRecord.java:93) Added Node: attr(143417910701262598) name=svg
DEBUG 2015-06-13 09:05:08,934 (SarosNet.java:423) started Socks5 proxy on port: 7777 [listening on all interfaces]
DEBUG 2015-06-13 09:05:09,169 (SarosNet.java:433) found interface addresses: [192.168.56.1, 128.179.156.201, fe80:0:0:0:ddd1:fc27:b358:fb10%4, fe80:0:0:0:1f1:8fa8:17e0:8274%13]
DEBUG 2015-06-13 09:05:09,325 (SarosNet.java:383)  new connection state == CONNECTING
DEBUG 2015-06-13 09:05:12,372 (SarosNet.java:383) raphael.latty@saros-con.imp.fu-berlin.de/Saros new connection state == CONNECTED
DEBUG 2015-06-13 09:05:12,372 (DataTransferManager.java:444) used transport order for the current XMPP connection: [de.fu_berlin.inf.dpp.net.internal.Socks5Transport@7bab89cd, de.fu_berlin.inf.dpp.net.internal.IBBTransport@3ae43129]
DEBUG 2015-06-13 09:05:12,372 (SkypeManager.java:286) Refreshing Skype username cache...
WARN  2015-06-13 09:05:19,373 (StunServiceImpl.java:420) received no response from STUN server stunserver.org/69.172.201.208:3478 at local address /128.179.156.201:0
WARN  2015-06-13 09:05:19,373 (StunServiceImpl.java:420) received no response from STUN server stunserver.org/69.172.201.208:3478 at local address /192.168.56.1:0
DEBUG 2015-06-13 09:11:34,386 (DiscoveryManager.java:381) Inserted DiscoveryInfo into Cache for: theophile.de.cazenove@saros-con.imp.fu-berlin.de/Saros
DEBUG 2015-06-13 10:02:31,207 (DiscoveryManager.java:98) clearing cache entry of contact theophile.de.cazenove@saros-con.imp.fu-berlin.de/Saros: <query xmlns="http://jabber.org/protocol/disco#info"><identity category="client" name="Smack" type="pc"/><feature var="http://jabber.org/protocol/disco#items"/><feature var="urn:xmpp:ping"/><feature var="jabber:iq:last"/><feature var="http://jabber.org/protocol/commands"/><feature var="http://jabber.org/protocol/muc"/><feature var="http://jabber.org/protocol/bytestreams"/><feature var="http://jabber.org/protocol/xhtml-im"/><feature var="de.fu_berlin.inf.dpp"/><feature var="http://jabber.org/protocol/chatstates"/><feature var="http://jabber.org/protocol/disco#info"/></query>
ERROR 2015-06-13 10:02:31,207 (SarosNet.java:95) XMPP connection error: 
java.net.SocketTimeoutException: Read timed out
	at java.net.SocketInputStream.socketRead0(Native Method)
	at java.net.SocketInputStream.read(Unknown Source)
	at java.net.SocketInputStream.read(Unknown Source)
	at sun.security.ssl.InputRecord.readFully(Unknown Source)
	at sun.security.ssl.InputRecord.read(Unknown Source)
	at sun.security.ssl.SSLSocketImpl.readRecord(Unknown Source)
	at sun.security.ssl.SSLSocketImpl.readDataRecord(Unknown Source)
	at sun.security.ssl.AppInputStream.read(Unknown Source)
	at sun.nio.cs.StreamDecoder.readBytes(Unknown Source)
	at sun.nio.cs.StreamDecoder.implRead(Unknown Source)
	at sun.nio.cs.StreamDecoder.read(Unknown Source)
	at java.io.InputStreamReader.read(Unknown Source)
	at java.io.BufferedReader.fill(Unknown Source)
	at java.io.BufferedReader.read1(Unknown Source)
	at java.io.BufferedReader.read(Unknown Source)
	at org.xmlpull.mxp1.MXParser.fillBuf(MXParser.java:2992)
	at org.xmlpull.mxp1.MXParser.more(MXParser.java:3046)
	at org.xmlpull.mxp1.MXParser.nextImpl(MXParser.java:1144)
	at org.xmlpull.mxp1.MXParser.next(MXParser.java:1093)
	at org.jivesoftware.smack.PacketReader.parsePackets(PacketReader.java:316)
	at org.jivesoftware.smack.PacketReader.access$000(PacketReader.java:46)
	at org.jivesoftware.smack.PacketReader$1.run(PacketReader.java:72)
ERROR 2015-06-13 10:02:31,238 (SarosNet.java:385)  new connection state == ERROR
java.net.SocketTimeoutException: Read timed out
	at java.net.SocketInputStream.socketRead0(Native Method)
	at java.net.SocketInputStream.read(Unknown Source)
	at java.net.SocketInputStream.read(Unknown Source)
	at sun.security.ssl.InputRecord.readFully(Unknown Source)
	at sun.security.ssl.InputRecord.read(Unknown Source)
	at sun.security.ssl.SSLSocketImpl.readRecord(Unknown Source)
	at sun.security.ssl.SSLSocketImpl.readDataRecord(Unknown Source)
	at sun.security.ssl.AppInputStream.read(Unknown Source)
	at sun.nio.cs.StreamDecoder.readBytes(Unknown Source)
	at sun.nio.cs.StreamDecoder.implRead(Unknown Source)
	at sun.nio.cs.StreamDecoder.read(Unknown Source)
	at java.io.InputStreamReader.read(Unknown Source)
	at java.io.BufferedReader.fill(Unknown Source)
	at java.io.BufferedReader.read1(Unknown Source)
	at java.io.BufferedReader.read(Unknown Source)
	at org.xmlpull.mxp1.MXParser.fillBuf(MXParser.java:2992)
	at org.xmlpull.mxp1.MXParser.more(MXParser.java:3046)
	at org.xmlpull.mxp1.MXParser.nextImpl(MXParser.java:1144)
	at org.xmlpull.mxp1.MXParser.next(MXParser.java:1093)
	at org.jivesoftware.smack.PacketReader.parsePackets(PacketReader.java:316)
	at org.jivesoftware.smack.PacketReader.access$000(PacketReader.java:46)
	at org.jivesoftware.smack.PacketReader$1.run(PacketReader.java:72)
DEBUG 2015-06-13 10:02:31,254 (SarosNet.java:383)  new connection state == NOT_CONNECTED
WARN  2015-06-13 13:07:34,573 (NullSarosSession.java:64) unexpected method call
WARN  2015-06-13 13:07:34,620 (NullSarosSession.java:64) unexpected method call
DEBUG 2015-06-13 13:07:34,948 (UPnPServiceImpl.java:295) deleting existing port mappings
