WARN  2015-06-13 14:03:36,824 (NullSarosSession.java:64) unexpected method call
WARN  2015-06-13 14:03:36,902 (NullSarosSession.java:64) unexpected method call
WARN  2015-06-13 14:03:56,015 (NullSarosSession.java:64) unexpected method call
WARN  2015-06-13 14:03:56,046 (NullSarosSession.java:64) unexpected method call
WARN  2015-06-13 14:04:17,862 (StunServiceImpl.java:420) received no response from STUN server stunserver.org/69.172.201.208:3478 at local address /128.179.156.201:0
WARN  2015-06-13 14:04:17,862 (StunServiceImpl.java:420) received no response from STUN server stunserver.org/69.172.201.208:3478 at local address /192.168.56.1:0
WARN  2015-06-13 16:46:01,208 (NullSarosSession.java:64) unexpected method call
WARN  2015-06-13 16:46:01,250 (NullSarosSession.java:64) unexpected method call
WARN  2015-06-13 16:46:01,905 (SWTUtils.java:144) could not execute runnable de.fu_berlin.inf.dpp.ui.widgets.ConnectionStateComposite$1$1@5bd545a7, UI thread is not available
StackTrace:
	at de.fu_berlin.inf.dpp.ui.util.SWTUtils.runSafeSWTAsync(SWTUtils.java:145)
	at de.fu_berlin.inf.dpp.ui.widgets.ConnectionStateComposite$1.connectionStateChanged(ConnectionStateComposite.java:55)
	at de.fu_berlin.inf.dpp.net.SarosNet.setConnectionState(SarosNet.java:390)
	at de.fu_berlin.inf.dpp.net.SarosNet.disconnect(SarosNet.java:289)
	at de.fu_berlin.inf.dpp.Saros$1.run(Saros.java:334)
	at de.fu_berlin.inf.dpp.util.Utils$2.run(Utils.java:175)
	at java.lang.Thread.run(Unknown Source)
WARN  2015-06-13 16:46:02,146 (SWTUtils.java:144) could not execute runnable de.fu_berlin.inf.dpp.ui.widgets.ConnectionStateComposite$1$1@61b65978, UI thread is not available
StackTrace:
	at de.fu_berlin.inf.dpp.ui.util.SWTUtils.runSafeSWTAsync(SWTUtils.java:145)
	at de.fu_berlin.inf.dpp.ui.widgets.ConnectionStateComposite$1.connectionStateChanged(ConnectionStateComposite.java:55)
	at de.fu_berlin.inf.dpp.net.SarosNet.setConnectionState(SarosNet.java:390)
	at de.fu_berlin.inf.dpp.net.SarosNet.disconnect(SarosNet.java:293)
	at de.fu_berlin.inf.dpp.Saros$1.run(Saros.java:334)
	at de.fu_berlin.inf.dpp.util.Utils$2.run(Utils.java:175)
	at java.lang.Thread.run(Unknown Source)
